-------------------------------------------------------------------------------
Test set: com.example.demo.SampleApplicationTests
-------------------------------------------------------------------------------
Tests run: 1, Failures: 0, Errors: 1, Skipped: 0, Time elapsed: 1.253 s <<< FAILURE! - in com.example.demo.SampleApplicationTests
contextLoads(com.example.demo.SampleApplicationTests)  Time elapsed: 0.007 s  <<< ERROR!
java.lang.IllegalStateException: Failed to load ApplicationContext
Caused by: java.lang.IllegalStateException: Error processing condition on org.springframework.boot.autoconfigure.jdbc.DataSourceAutoConfiguration$PooledDataSourceConfiguration
Caused by: java.lang.IllegalStateException: Failed to introspect Class [com.alibaba.druid.spring.boot.autoconfigure.DruidDataSourceAutoConfigure] from ClassLoader [sun.misc.Launcher$AppClassLoader@4aa298b7]
Caused by: java.lang.NoClassDefFoundError: org/springframework/boot/autoconfigure/jdbc/metadata/DataSourcePoolMetadataProvider
Caused by: java.lang.ClassNotFoundException: org.springframework.boot.autoconfigure.jdbc.metadata.DataSourcePoolMetadataProvider

